# JRE version: Java(TM) SE Runtime Environment (14.0.2+12) (build 14.0.2+12-46)
# Java VM: Java HotSpot(TM) 64-Bit Server VM (14.0.2+12-46, mixed mode, sharing, tiered, compressed oops, g1 gc, windows-amd64)
Heap:
 garbage-first heap   total 131072K, used 25802K [0x0000000081800000, 0x0000000100000000)
  region size 1024K, 20 young (20480K), 3 survivors (3072K)
 Metaspace       used 14536K, capacity 15068K, committed 15360K, reserved 1062912K
  class space    used 1973K, capacity 2178K, committed 2304K, reserved 1048576K
GC Heap History (8 events):
Event: 1.152 GC heap before
{Heap before GC invocations=0 (full 0):
 garbage-first heap   total 131072K, used 13312K [0x0000000081800000, 0x0000000100000000)
  region size 1024K, 13 young (13312K), 0 survivors (0K)
 Metaspace       used 2330K, capacity 5494K, committed 5632K, reserved 1056768K
  class space    used 226K, capacity 510K, committed 512K, reserved 1048576K
}
Event: 1.161 GC heap after
{Heap after GC invocations=1 (full 0):
 garbage-first heap   total 131072K, used 6374K [0x0000000081800000, 0x0000000100000000)
  region size 1024K, 2 young (2048K), 2 survivors (2048K)
 Metaspace       used 2330K, capacity 5494K, committed 5632K, reserved 1056768K
  class space    used 226K, capacity 510K, committed 512K, reserved 1048576K
}
Event: 1.427 GC heap before
{Heap before GC invocations=1 (full 0):
 garbage-first heap   total 131072K, used 14566K [0x0000000081800000, 0x0000000100000000)
  region size 1024K, 11 young (11264K), 2 survivors (2048K)
 Metaspace       used 3874K, capacity 6488K, committed 6656K, reserved 1056768K
  class space    used 421K, capacity 674K, committed 768K, reserved 1048576K
}
Event: 1.431 GC heap after
{Heap after GC invocations=2 (full 0):
 garbage-first heap   total 131072K, used 6954K [0x0000000081800000, 0x0000000100000000)
  region size 1024K, 1 young (1024K), 1 survivors (1024K)
 Metaspace       used 3874K, capacity 6488K, committed 6656K, reserved 1056768K
  class space    used 421K, capacity 674K, committed 768K, reserved 1048576K
}
Event: 1.511 GC heap before
{Heap before GC invocations=2 (full 0):
 garbage-first heap   total 131072K, used 30506K [0x0000000081800000, 0x0000000100000000)
  region size 1024K, 25 young (25600K), 1 survivors (1024K)
 Metaspace       used 4480K, capacity 6684K, committed 6912K, reserved 1056768K
  class space    used 495K, capacity 698K, committed 768K, reserved 1048576K
}
Event: 1.512 GC heap after
{Heap after GC invocations=3 (full 0):
 garbage-first heap   total 131072K, used 7151K [0x0000000081800000, 0x0000000100000000)
  region size 1024K, 1 young (1024K), 1 survivors (1024K)
 Metaspace       used 4480K, capacity 6684K, committed 6912K, reserved 1056768K
  class space    used 495K, capacity 698K, committed 768K, reserved 1048576K
}
Event: 3.290 GC heap before
{Heap before GC invocations=3 (full 0):
 garbage-first heap   total 131072K, used 82927K [0x0000000081800000, 0x0000000100000000)
  region size 1024K, 76 young (77824K), 1 survivors (1024K)
 Metaspace       used 12922K, capacity 13442K, committed 13824K, reserved 1060864K
  class space    used 1742K, capacity 1921K, committed 2048K, reserved 1048576K
}
Event: 3.302 GC heap after
{Heap after GC invocations=4 (full 0):
 garbage-first heap   total 131072K, used 9418K [0x0000000081800000, 0x0000000100000000)
  region size 1024K, 3 young (3072K), 3 survivors (3072K)
 Metaspace       used 12922K, capacity 13442K, committed 13824K, reserved 1060864K
  class space    used 1742K, capacity 1921K, committed 2048K, reserved 1048576K
}

